0 info it worked if it ends with ok
1 verbose cli [ 'C:\\Program Files\\nodejs\\node.exe',
1 verbose cli   'C:\\Program Files\\nodejs\\node_modules\\npm\\bin\\npm-cli.js',
1 verbose cli   'run',
1 verbose cli   'dev' ]
2 info using npm@3.10.9
3 info using node@v6.9.2
4 verbose run-script [ 'predev', 'dev', 'postdev' ]
5 info lifecycle upside_don@1.0.0~predev: upside_don@1.0.0
6 silly lifecycle upside_don@1.0.0~predev: no script for predev, continuing
7 info lifecycle upside_don@1.0.0~dev: upside_don@1.0.0
8 verbose lifecycle upside_don@1.0.0~dev: unsafe-perm in lifecycle true
9 verbose lifecycle upside_don@1.0.0~dev: PATH: C:\Program Files\nodejs\node_modules\npm\bin\node-gyp-bin;C:\Users\Ferry\Documents\School\finals\node_modules\.bin;C:\ProgramData\Oracle\Java\javapath;C:\WINDOWS\system32;C:\WINDOWS;C:\WINDOWS\System32\Wbem;C:\WINDOWS\System32\WindowsPowerShell\v1.0\;C:\Program Files (x86)\Windows Live\Shared;C:\Program Files (x86)\AMD\ATI.ACE\Core-Static;C:\Program Files (x86)\Windows Kits\8.1\Windows Performance Toolkit\;C:\Program Files\Microsoft SQL Server\110\Tools\Binn\;C:\Program Files (x86)\Microsoft SDKs\TypeScript\1.0\;C:\Program Files\Microsoft SQL Server\120\Tools\Binn\;C:\Program Files (x86)\ATI Technologies\ATI.ACE\Core-Static;C:\Program Files (x86)\GtkSharp\2.12\bin;C:\Program Files\nodejs\;C:\Program Files (x86)\QuickTime\QTSystem\;C:\Program Files (x86)\Livestreamer;C:\Users\Ferry\AppData\Local\atom\bin;C:\Users\Ferry\AppData\Local\Microsoft\WindowsApps;C:\Users\Ferry\AppData\Roaming\npm;;C:\Program Files\Microsoft VS Code\bin
10 verbose lifecycle upside_don@1.0.0~dev: CWD: C:\Users\Ferry\Documents\School\finals
11 silly lifecycle upside_don@1.0.0~dev: Args: [ '/d /s /c', 'webpack --config ./config/webpack.config.js' ]
12 silly lifecycle upside_don@1.0.0~dev: Returned: code: 1  signal: null
13 info lifecycle upside_don@1.0.0~dev: Failed to exec dev script
14 verbose stack Error: upside_don@1.0.0 dev: `webpack --config ./config/webpack.config.js`
14 verbose stack Exit status 1
14 verbose stack     at EventEmitter.<anonymous> (C:\Program Files\nodejs\node_modules\npm\lib\utils\lifecycle.js:255:16)
14 verbose stack     at emitTwo (events.js:106:13)
14 verbose stack     at EventEmitter.emit (events.js:191:7)
14 verbose stack     at ChildProcess.<anonymous> (C:\Program Files\nodejs\node_modules\npm\lib\utils\spawn.js:40:14)
14 verbose stack     at emitTwo (events.js:106:13)
14 verbose stack     at ChildProcess.emit (events.js:191:7)
14 verbose stack     at maybeClose (internal/child_process.js:877:16)
14 verbose stack     at Process.ChildProcess._handle.onexit (internal/child_process.js:226:5)
15 verbose pkgid upside_don@1.0.0
16 verbose cwd C:\Users\Ferry\Documents\School\finals
17 error Windows_NT 10.0.16299
18 error argv "C:\\Program Files\\nodejs\\node.exe" "C:\\Program Files\\nodejs\\node_modules\\npm\\bin\\npm-cli.js" "run" "dev"
19 error node v6.9.2
20 error npm  v3.10.9
21 error code ELIFECYCLE
22 error upside_don@1.0.0 dev: `webpack --config ./config/webpack.config.js`
22 error Exit status 1
23 error Failed at the upside_don@1.0.0 dev script 'webpack --config ./config/webpack.config.js'.
23 error Make sure you have the latest version of node.js and npm installed.
23 error If you do, this is most likely a problem with the upside_don package,
23 error not with npm itself.
23 error Tell the author that this fails on your system:
23 error     webpack --config ./config/webpack.config.js
23 error You can get information on how to open an issue for this project with:
23 error     npm bugs upside_don
23 error Or if that isn't available, you can get their info via:
23 error     npm owner ls upside_don
23 error There is likely additional logging output above.
24 verbose exit [ 1, true ]
